2026-04-30 18:39:45 - root - INFO - ✅ 日志文件已创建: D:\AgentProjects\Outfit_Style\backend\logs\stylemate_2026-04-30.log
2026-04-30 18:39:45 - root - INFO - ✅ 日志文件已创建: D:\AgentProjects\Outfit_Style\backend\logs\stylemate_2026-04-30.log
2026-04-30 18:39:45 - root - INFO - ✅ 日志文件已创建: D:\AgentProjects\Outfit_Style\backend\logs\stylemate_2026-04-30.log
2026-04-30 18:39:45 - main - INFO - 🚀 StyleMate 后端服务启动中...
2026-04-30 18:39:46 - main - INFO - ✅ Agent 初始化完成
2026-04-30 18:40:56 - main - INFO - 👋 StyleMate 后端服务关闭
2026-04-30 18:40:59 - root - INFO - ✅ 日志文件已创建: D:\AgentProjects\Outfit_Style\backend\logs\stylemate_2026-04-30.log
2026-04-30 18:40:59 - root - INFO - ✅ 日志文件已创建: D:\AgentProjects\Outfit_Style\backend\logs\stylemate_2026-04-30.log
2026-04-30 18:40:59 - root - INFO - ✅ 日志文件已创建: D:\AgentProjects\Outfit_Style\backend\logs\stylemate_2026-04-30.log
2026-04-30 18:40:59 - main - INFO - 🚀 StyleMate 后端服务启动中...
2026-04-30 18:41:01 - main - INFO - ✅ Agent 初始化完成
2026-04-30 18:41:15 - root - INFO - ✅ 日志文件已创建: D:\AgentProjects\Outfit_Style\backend\logs\stylemate_2026-04-30.log
2026-04-30 18:41:15 - root - INFO - ✅ 日志文件已创建: D:\AgentProjects\Outfit_Style\backend\logs\stylemate_2026-04-30.log
2026-04-30 18:41:15 - __main__ - INFO - 这是 INFO 日志 ✅ 你应该能看到这条
2026-04-30 18:41:15 - __main__ - WARNING - 这是 WARNING 日志 ⚠️
2026-04-30 18:41:15 - __main__ - ERROR - 这是 ERROR 日志 ❌
2026-04-30 18:41:16 - tools.weather_tool - INFO - [缓存未命中] 天气查询 - 城市: 上海, 日期: 2026-04-30，正在调用 API...
2026-04-30 18:41:17 - httpx - INFO - HTTP Request: GET https://api.open-meteo.com/v1/forecast?latitude=31.2304&longitude=121.4737&current=temperature_2m&current=relative_humidity_2m&current=apparent_temperature&current=precipitation&current=weather_code&current=wind_speed_10m&current=wind_direction_10m&current=surface_pressure&timezone=auto&forecast_days=1 "HTTP/1.1 200 OK"
2026-04-30 18:41:17 - tools.weather_tool - INFO - [缓存已存储] 天气查询 - 城市: 上海, 日期: 2026-04-30
2026-04-30 18:41:17 - tools.weather_tool - INFO - [缓存命中] 天气查询 - 城市: 上海, 日期: 2026-04-30
2026-04-30 18:43:59 - main - INFO - 👋 StyleMate 后端服务关闭
2026-04-30 18:44:03 - root - INFO - ✅ 日志文件已创建: D:\AgentProjects\Outfit_Style\backend\logs\stylemate_2026-04-30.log
2026-04-30 18:44:03 - root - INFO - ✅ 日志文件已创建: D:\AgentProjects\Outfit_Style\backend\logs\stylemate_2026-04-30.log
2026-04-30 18:44:05 - root - INFO - ✅ 日志文件已创建: D:\AgentProjects\Outfit_Style\backend\logs\stylemate_2026-04-30.log
2026-04-30 18:44:05 - root - INFO - ✅ 日志文件已创建: D:\AgentProjects\Outfit_Style\backend\logs\stylemate_2026-04-30.log
2026-04-30 18:44:05 - root - INFO - ✅ 日志文件已创建: D:\AgentProjects\Outfit_Style\backend\logs\stylemate_2026-04-30.log
2026-04-30 18:44:05 - main - INFO - 🚀 StyleMate 后端服务启动中...
2026-04-30 18:44:05 - watchfiles.main - INFO - 1 change detected
2026-04-30 18:44:06 - watchfiles.main - INFO - 1 change detected
2026-04-30 18:44:06 - watchfiles.main - INFO - 1 change detected
2026-04-30 18:44:06 - watchfiles.main - INFO - 1 change detected
2026-04-30 18:44:06 - main - INFO - ✅ Agent 初始化完成
2026-04-30 18:44:07 - watchfiles.main - INFO - 1 change detected
2026-04-30 18:44:07 - watchfiles.main - INFO - 1 change detected
2026-04-30 18:44:07 - watchfiles.main - INFO - 1 change detected
2026-04-30 18:44:08 - watchfiles.main - INFO - 1 change detected
2026-04-30 18:44:08 - watchfiles.main - INFO - 1 change detected
2026-04-30 18:44:09 - watchfiles.main - INFO - 1 change detected
2026-04-30 18:44:09 - watchfiles.main - INFO - 1 change detected
2026-04-30 18:44:09 - watchfiles.main - INFO - 1 change detected
2026-04-30 18:44:10 - watchfiles.main - INFO - 1 change detected
2026-04-30 18:44:10 - watchfiles.main - INFO - 1 change detected
2026-04-30 18:44:11 - watchfiles.main - INFO - 1 change detected
2026-04-30 18:44:11 - watchfiles.main - INFO - 1 change detected
2026-04-30 18:44:11 - watchfiles.main - INFO - 1 change detected
2026-04-30 18:44:12 - watchfiles.main - INFO - 1 change detected
2026-04-30 18:44:12 - watchfiles.main - INFO - 1 change detected
2026-04-30 18:44:13 - watchfiles.main - INFO - 1 change detected
2026-04-30 18:44:13 - watchfiles.main - INFO - 1 change detected
2026-04-30 18:44:13 - watchfiles.main - INFO - 1 change detected
2026-04-30 18:44:14 - watchfiles.main - INFO - 1 change detected
2026-04-30 18:44:14 - watchfiles.main - INFO - 1 change detected
2026-04-30 18:44:15 - watchfiles.main - INFO - 1 change detected
2026-04-30 18:44:15 - watchfiles.main - INFO - 1 change detected
2026-04-30 18:44:15 - watchfiles.main - INFO - 1 change detected
2026-04-30 18:44:16 - watchfiles.main - INFO - 1 change detected
2026-04-30 18:44:16 - watchfiles.main - INFO - 1 change detected
2026-04-30 18:44:17 - watchfiles.main - INFO - 1 change detected
2026-04-30 18:44:17 - watchfiles.main - INFO - 1 change detected
2026-04-30 18:44:17 - watchfiles.main - INFO - 1 change detected
2026-04-30 18:44:18 - watchfiles.main - INFO - 1 change detected
2026-04-30 18:44:18 - watchfiles.main - INFO - 1 change detected
2026-04-30 18:44:19 - watchfiles.main - INFO - 1 change detected
2026-04-30 18:44:19 - watchfiles.main - INFO - 1 change detected
2026-04-30 18:44:19 - watchfiles.main - INFO - 1 change detected
2026-04-30 18:44:20 - watchfiles.main - INFO - 1 change detected
2026-04-30 18:44:20 - watchfiles.main - INFO - 1 change detected
2026-04-30 18:44:21 - watchfiles.main - INFO - 1 change detected
2026-04-30 18:44:21 - watchfiles.main - INFO - 1 change detected
2026-04-30 18:44:21 - watchfiles.main - INFO - 1 change detected
2026-04-30 18:44:22 - watchfiles.main - INFO - 1 change detected
2026-04-30 18:44:22 - watchfiles.main - INFO - 1 change detected
2026-04-30 18:44:23 - watchfiles.main - INFO - 1 change detected
2026-04-30 18:44:23 - watchfiles.main - INFO - 1 change detected
2026-04-30 18:44:23 - watchfiles.main - INFO - 1 change detected
2026-04-30 18:44:24 - watchfiles.main - INFO - 1 change detected
2026-04-30 18:44:24 - watchfiles.main - INFO - 1 change detected
2026-04-30 18:44:25 - watchfiles.main - INFO - 1 change detected
2026-04-30 18:44:25 - watchfiles.main - INFO - 1 change detected
2026-04-30 18:44:26 - watchfiles.main - INFO - 1 change detected
2026-04-30 18:44:26 - watchfiles.main - INFO - 1 change detected
2026-04-30 18:44:26 - watchfiles.main - INFO - 1 change detected
2026-04-30 18:44:27 - watchfiles.main - INFO - 1 change detected
2026-04-30 18:44:27 - watchfiles.main - INFO - 1 change detected
2026-04-30 18:44:28 - watchfiles.main - INFO - 1 change detected
2026-04-30 18:44:28 - watchfiles.main - INFO - 1 change detected
2026-04-30 18:44:28 - watchfiles.main - INFO - 1 change detected
2026-04-30 18:44:29 - watchfiles.main - INFO - 1 change detected
2026-04-30 18:44:29 - watchfiles.main - INFO - 1 change detected
2026-04-30 18:44:30 - watchfiles.main - INFO - 1 change detected
2026-04-30 18:44:30 - watchfiles.main - INFO - 1 change detected
2026-04-30 18:44:30 - watchfiles.main - INFO - 1 change detected
2026-04-30 18:44:31 - watchfiles.main - INFO - 1 change detected
2026-04-30 18:44:31 - watchfiles.main - INFO - 1 change detected
2026-04-30 18:44:32 - watchfiles.main - INFO - 1 change detected
2026-04-30 18:44:32 - watchfiles.main - INFO - 1 change detected
2026-04-30 18:44:32 - watchfiles.main - INFO - 1 change detected
2026-04-30 18:44:33 - watchfiles.main - INFO - 1 change detected
2026-04-30 18:44:33 - watchfiles.main - INFO - 1 change detected
2026-04-30 18:44:34 - watchfiles.main - INFO - 1 change detected
2026-04-30 18:44:34 - watchfiles.main - INFO - 1 change detected
2026-04-30 18:44:34 - watchfiles.main - INFO - 1 change detected
2026-04-30 18:44:35 - watchfiles.main - INFO - 1 change detected
2026-04-30 18:44:35 - watchfiles.main - INFO - 1 change detected
2026-04-30 18:44:36 - watchfiles.main - INFO - 1 change detected
2026-04-30 18:44:36 - watchfiles.main - INFO - 1 change detected
2026-04-30 18:44:36 - watchfiles.main - INFO - 1 change detected
2026-04-30 18:44:37 - watchfiles.main - INFO - 1 change detected
2026-04-30 18:44:37 - watchfiles.main - INFO - 1 change detected
2026-04-30 18:44:38 - watchfiles.main - INFO - 1 change detected
2026-04-30 18:44:38 - watchfiles.main - INFO - 1 change detected
2026-04-30 18:44:39 - watchfiles.main - INFO - 1 change detected
2026-04-30 18:44:39 - watchfiles.main - INFO - 1 change detected
2026-04-30 18:44:39 - watchfiles.main - INFO - 1 change detected
2026-04-30 18:44:40 - watchfiles.main - INFO - 1 change detected
2026-04-30 18:44:40 - watchfiles.main - INFO - 1 change detected
2026-04-30 18:44:41 - watchfiles.main - INFO - 1 change detected
2026-04-30 18:44:41 - watchfiles.main - INFO - 1 change detected
2026-04-30 18:44:41 - watchfiles.main - INFO - 1 change detected
2026-04-30 18:44:42 - watchfiles.main - INFO - 1 change detected
2026-04-30 18:44:42 - watchfiles.main - INFO - 1 change detected
2026-04-30 18:44:43 - watchfiles.main - INFO - 1 change detected
2026-04-30 18:44:43 - watchfiles.main - INFO - 1 change detected
2026-04-30 18:44:44 - watchfiles.main - INFO - 1 change detected
2026-04-30 18:44:44 - watchfiles.main - INFO - 1 change detected
2026-04-30 18:44:44 - watchfiles.main - INFO - 1 change detected
2026-04-30 18:44:45 - watchfiles.main - INFO - 1 change detected
2026-04-30 18:44:45 - watchfiles.main - INFO - 1 change detected
2026-04-30 18:44:46 - watchfiles.main - INFO - 1 change detected
2026-04-30 18:44:46 - watchfiles.main - INFO - 1 change detected
2026-04-30 18:44:46 - watchfiles.main - INFO - 1 change detected
2026-04-30 18:44:47 - watchfiles.main - INFO - 1 change detected
2026-04-30 18:44:47 - watchfiles.main - INFO - 1 change detected
2026-04-30 18:44:48 - watchfiles.main - INFO - 1 change detected
2026-04-30 18:44:48 - watchfiles.main - INFO - 1 change detected
2026-04-30 18:44:48 - watchfiles.main - INFO - 1 change detected
2026-04-30 18:44:49 - watchfiles.main - INFO - 1 change detected
2026-04-30 18:44:49 - watchfiles.main - INFO - 1 change detected
2026-04-30 18:44:50 - watchfiles.main - INFO - 1 change detected
2026-04-30 18:44:50 - watchfiles.main - INFO - 1 change detected
2026-04-30 18:44:50 - watchfiles.main - INFO - 1 change detected
2026-04-30 18:44:51 - watchfiles.main - INFO - 1 change detected
2026-04-30 18:44:51 - watchfiles.main - INFO - 1 change detected
2026-04-30 18:44:52 - watchfiles.main - INFO - 1 change detected
2026-04-30 18:44:52 - watchfiles.main - INFO - 1 change detected
2026-04-30 18:44:52 - watchfiles.main - INFO - 1 change detected
2026-04-30 18:44:53 - watchfiles.main - INFO - 1 change detected
2026-04-30 18:44:53 - watchfiles.main - INFO - 1 change detected
2026-04-30 18:44:54 - watchfiles.main - INFO - 1 change detected
2026-04-30 18:44:54 - watchfiles.main - INFO - 1 change detected
2026-04-30 18:44:54 - watchfiles.main - INFO - 1 change detected
2026-04-30 18:44:55 - watchfiles.main - INFO - 1 change detected
2026-04-30 18:44:55 - watchfiles.main - INFO - 1 change detected
2026-04-30 18:44:56 - watchfiles.main - INFO - 1 change detected
2026-04-30 18:44:56 - watchfiles.main - INFO - 1 change detected
2026-04-30 18:44:56 - watchfiles.main - INFO - 1 change detected
2026-04-30 18:44:57 - watchfiles.main - INFO - 1 change detected
2026-04-30 18:44:58 - watchfiles.main - INFO - 1 change detected
2026-04-30 18:44:58 - watchfiles.main - INFO - 1 change detected
2026-04-30 18:44:58 - watchfiles.main - INFO - 1 change detected
2026-04-30 18:44:59 - watchfiles.main - INFO - 1 change detected
2026-04-30 18:44:59 - watchfiles.main - INFO - 1 change detected
2026-04-30 18:45:00 - watchfiles.main - INFO - 1 change detected
2026-04-30 18:45:00 - watchfiles.main - INFO - 1 change detected
2026-04-30 18:45:00 - watchfiles.main - INFO - 1 change detected
2026-04-30 18:45:01 - watchfiles.main - INFO - 1 change detected
2026-04-30 18:45:01 - watchfiles.main - INFO - 1 change detected
2026-04-30 18:45:02 - watchfiles.main - INFO - 1 change detected
2026-04-30 18:45:02 - watchfiles.main - INFO - 1 change detected
2026-04-30 18:45:02 - watchfiles.main - INFO - 1 change detected
2026-04-30 18:45:03 - watchfiles.main - INFO - 1 change detected
2026-04-30 18:45:03 - watchfiles.main - INFO - 1 change detected
2026-04-30 18:45:04 - watchfiles.main - INFO - 1 change detected
2026-04-30 18:45:04 - watchfiles.main - INFO - 1 change detected
2026-04-30 18:45:05 - watchfiles.main - INFO - 1 change detected
2026-04-30 18:45:05 - watchfiles.main - INFO - 1 change detected
2026-04-30 18:45:05 - watchfiles.main - INFO - 1 change detected
2026-04-30 18:45:06 - watchfiles.main - INFO - 1 change detected
2026-04-30 18:45:06 - watchfiles.main - INFO - 1 change detected
2026-04-30 18:45:07 - watchfiles.main - INFO - 1 change detected
2026-04-30 18:45:07 - watchfiles.main - INFO - 1 change detected
2026-04-30 18:45:07 - watchfiles.main - INFO - 1 change detected
2026-04-30 18:45:08 - watchfiles.main - INFO - 1 change detected
2026-04-30 18:45:08 - watchfiles.main - INFO - 1 change detected
2026-04-30 18:45:09 - watchfiles.main - INFO - 1 change detected
2026-04-30 18:45:09 - watchfiles.main - INFO - 1 change detected
2026-04-30 18:45:09 - watchfiles.main - INFO - 1 change detected
2026-04-30 18:45:10 - watchfiles.main - INFO - 1 change detected
2026-04-30 18:45:10 - watchfiles.main - INFO - 1 change detected
2026-04-30 18:45:11 - watchfiles.main - INFO - 1 change detected
2026-04-30 18:45:11 - watchfiles.main - INFO - 1 change detected
2026-04-30 18:45:11 - watchfiles.main - INFO - 1 change detected
2026-04-30 18:45:12 - watchfiles.main - INFO - 1 change detected
2026-04-30 18:45:12 - watchfiles.main - INFO - 1 change detected
2026-04-30 18:45:13 - watchfiles.main - INFO - 1 change detected
2026-04-30 18:45:13 - watchfiles.main - INFO - 1 change detected
2026-04-30 18:45:14 - watchfiles.main - INFO - 1 change detected
2026-04-30 18:45:14 - watchfiles.main - INFO - 1 change detected
2026-04-30 18:45:14 - watchfiles.main - INFO - 1 change detected
2026-04-30 18:45:15 - watchfiles.main - INFO - 1 change detected
2026-04-30 18:45:15 - watchfiles.main - INFO - 1 change detected
2026-04-30 18:45:16 - watchfiles.main - INFO - 1 change detected
2026-04-30 18:45:16 - watchfiles.main - INFO - 1 change detected
2026-04-30 18:45:16 - watchfiles.main - INFO - 1 change detected
2026-04-30 18:45:17 - watchfiles.main - INFO - 1 change detected
2026-04-30 18:45:17 - watchfiles.main - INFO - 1 change detected
2026-04-30 18:45:18 - watchfiles.main - INFO - 1 change detected
2026-04-30 18:45:18 - watchfiles.main - INFO - 1 change detected
2026-04-30 18:45:18 - watchfiles.main - INFO - 1 change detected
2026-04-30 18:45:19 - watchfiles.main - INFO - 1 change detected
2026-04-30 18:45:19 - watchfiles.main - INFO - 1 change detected
2026-04-30 18:45:20 - watchfiles.main - INFO - 1 change detected
2026-04-30 18:45:20 - watchfiles.main - INFO - 1 change detected
2026-04-30 18:45:20 - watchfiles.main - INFO - 1 change detected
2026-04-30 18:45:21 - watchfiles.main - INFO - 1 change detected
2026-04-30 18:45:21 - watchfiles.main - INFO - 1 change detected
2026-04-30 18:45:22 - watchfiles.main - INFO - 1 change detected
2026-04-30 18:45:22 - watchfiles.main - INFO - 1 change detected
2026-04-30 18:45:22 - watchfiles.main - INFO - 1 change detected
2026-04-30 18:45:23 - watchfiles.main - INFO - 1 change detected
2026-04-30 18:45:23 - watchfiles.main - INFO - 1 change detected
2026-04-30 18:45:24 - watchfiles.main - INFO - 1 change detected
2026-04-30 18:45:24 - watchfiles.main - INFO - 1 change detected
2026-04-30 18:45:24 - watchfiles.main - INFO - 1 change detected
2026-04-30 18:45:25 - watchfiles.main - INFO - 1 change detected
2026-04-30 18:45:25 - watchfiles.main - INFO - 1 change detected
2026-04-30 18:45:26 - watchfiles.main - INFO - 1 change detected
2026-04-30 18:45:26 - watchfiles.main - INFO - 1 change detected
2026-04-30 18:45:27 - watchfiles.main - INFO - 1 change detected
2026-04-30 18:45:27 - watchfiles.main - INFO - 1 change detected
2026-04-30 18:45:27 - watchfiles.main - INFO - 1 change detected
2026-04-30 18:45:28 - watchfiles.main - INFO - 1 change detected
2026-04-30 18:45:28 - watchfiles.main - INFO - 1 change detected
2026-04-30 18:45:29 - watchfiles.main - INFO - 1 change detected
2026-04-30 18:45:29 - watchfiles.main - INFO - 1 change detected
2026-04-30 18:45:29 - watchfiles.main - INFO - 1 change detected
2026-04-30 18:45:30 - watchfiles.main - INFO - 1 change detected
2026-04-30 18:45:30 - watchfiles.main - INFO - 1 change detected
2026-04-30 18:45:31 - watchfiles.main - INFO - 1 change detected
2026-04-30 18:45:31 - watchfiles.main - INFO - 1 change detected
2026-04-30 18:45:31 - watchfiles.main - INFO - 1 change detected
2026-04-30 18:45:32 - watchfiles.main - INFO - 1 change detected
2026-04-30 18:45:32 - watchfiles.main - INFO - 1 change detected
2026-04-30 18:45:33 - watchfiles.main - INFO - 1 change detected
2026-04-30 18:45:33 - watchfiles.main - INFO - 1 change detected
2026-04-30 18:45:33 - watchfiles.main - INFO - 1 change detected
2026-04-30 18:45:34 - watchfiles.main - INFO - 1 change detected
2026-04-30 18:45:34 - watchfiles.main - INFO - 1 change detected
2026-04-30 18:45:35 - watchfiles.main - INFO - 1 change detected
2026-04-30 18:45:35 - watchfiles.main - INFO - 1 change detected
2026-04-30 18:45:35 - watchfiles.main - INFO - 1 change detected
2026-04-30 18:45:36 - watchfiles.main - INFO - 1 change detected
2026-04-30 18:45:36 - watchfiles.main - INFO - 1 change detected
2026-04-30 18:45:37 - watchfiles.main - INFO - 1 change detected
2026-04-30 18:45:37 - watchfiles.main - INFO - 1 change detected
2026-04-30 18:45:38 - watchfiles.main - INFO - 1 change detected
2026-04-30 18:45:38 - watchfiles.main - INFO - 1 change detected
2026-04-30 18:45:38 - watchfiles.main - INFO - 1 change detected
2026-04-30 18:45:39 - watchfiles.main - INFO - 1 change detected
2026-04-30 18:45:39 - watchfiles.main - INFO - 1 change detected
2026-04-30 18:45:40 - watchfiles.main - INFO - 1 change detected
2026-04-30 18:45:40 - watchfiles.main - INFO - 1 change detected
2026-04-30 18:45:40 - watchfiles.main - INFO - 1 change detected
2026-04-30 18:45:41 - watchfiles.main - INFO - 1 change detected
2026-04-30 18:45:41 - watchfiles.main - INFO - 1 change detected
2026-04-30 18:45:42 - watchfiles.main - INFO - 1 change detected
2026-04-30 18:45:42 - watchfiles.main - INFO - 1 change detected
2026-04-30 18:45:42 - watchfiles.main - INFO - 1 change detected
2026-04-30 18:45:43 - watchfiles.main - INFO - 1 change detected
2026-04-30 18:45:43 - watchfiles.main - INFO - 1 change detected
2026-04-30 18:45:44 - watchfiles.main - INFO - 1 change detected
2026-04-30 18:45:44 - watchfiles.main - INFO - 1 change detected
2026-04-30 18:45:44 - watchfiles.main - INFO - 1 change detected
2026-04-30 18:45:45 - watchfiles.main - INFO - 1 change detected
2026-04-30 18:45:45 - watchfiles.main - INFO - 1 change detected
2026-04-30 18:45:46 - watchfiles.main - INFO - 1 change detected
2026-04-30 18:45:46 - watchfiles.main - INFO - 1 change detected
2026-04-30 18:45:46 - watchfiles.main - INFO - 1 change detected
2026-04-30 18:45:47 - watchfiles.main - INFO - 1 change detected
2026-04-30 18:45:47 - watchfiles.main - INFO - 1 change detected
2026-04-30 18:45:48 - watchfiles.main - INFO - 1 change detected
2026-04-30 18:45:48 - watchfiles.main - INFO - 1 change detected
2026-04-30 18:45:49 - watchfiles.main - INFO - 1 change detected
2026-04-30 18:45:49 - watchfiles.main - INFO - 1 change detected
2026-04-30 18:45:49 - watchfiles.main - INFO - 1 change detected
2026-04-30 18:45:50 - watchfiles.main - INFO - 1 change detected
2026-04-30 18:45:50 - watchfiles.main - INFO - 1 change detected
2026-04-30 18:45:51 - watchfiles.main - INFO - 1 change detected
2026-04-30 18:45:51 - watchfiles.main - INFO - 1 change detected
2026-04-30 18:45:51 - watchfiles.main - INFO - 1 change detected
2026-04-30 18:45:52 - watchfiles.main - INFO - 1 change detected
2026-04-30 18:45:52 - watchfiles.main - INFO - 1 change detected
2026-04-30 18:45:53 - watchfiles.main - INFO - 1 change detected
2026-04-30 18:45:53 - watchfiles.main - INFO - 1 change detected
2026-04-30 18:45:53 - watchfiles.main - INFO - 1 change detected
2026-04-30 18:45:54 - watchfiles.main - INFO - 1 change detected
2026-04-30 18:45:54 - watchfiles.main - INFO - 1 change detected
2026-04-30 18:45:55 - watchfiles.main - INFO - 1 change detected
2026-04-30 18:45:55 - watchfiles.main - INFO - 1 change detected
2026-04-30 18:45:55 - watchfiles.main - INFO - 1 change detected
2026-04-30 18:45:56 - watchfiles.main - INFO - 1 change detected
2026-04-30 18:45:56 - watchfiles.main - INFO - 1 change detected
2026-04-30 18:45:57 - watchfiles.main - INFO - 1 change detected
2026-04-30 18:45:57 - watchfiles.main - INFO - 1 change detected
2026-04-30 18:45:57 - watchfiles.main - INFO - 1 change detected
2026-04-30 18:45:58 - watchfiles.main - INFO - 1 change detected
2026-04-30 18:45:58 - watchfiles.main - INFO - 1 change detected
2026-04-30 18:45:59 - watchfiles.main - INFO - 1 change detected
2026-04-30 18:45:59 - watchfiles.main - INFO - 1 change detected
2026-04-30 18:45:59 - watchfiles.main - INFO - 1 change detected
2026-04-30 18:46:00 - watchfiles.main - INFO - 1 change detected
2026-04-30 18:46:00 - watchfiles.main - INFO - 1 change detected
2026-04-30 18:46:01 - watchfiles.main - INFO - 1 change detected
2026-04-30 18:46:01 - watchfiles.main - INFO - 1 change detected
2026-04-30 18:46:01 - watchfiles.main - INFO - 1 change detected
2026-04-30 18:46:02 - watchfiles.main - INFO - 1 change detected
2026-04-30 18:46:02 - watchfiles.main - INFO - 1 change detected
2026-04-30 18:46:03 - watchfiles.main - INFO - 1 change detected
2026-04-30 18:46:03 - watchfiles.main - INFO - 1 change detected
2026-04-30 18:46:04 - watchfiles.main - INFO - 1 change detected
2026-04-30 18:46:04 - watchfiles.main - INFO - 1 change detected
2026-04-30 18:46:04 - watchfiles.main - INFO - 1 change detected
2026-04-30 18:46:05 - watchfiles.main - INFO - 1 change detected
2026-04-30 18:46:05 - watchfiles.main - INFO - 1 change detected
2026-04-30 18:46:05 - watchfiles.main - INFO - 1 change detected
2026-04-30 18:46:06 - watchfiles.main - INFO - 1 change detected
2026-04-30 18:46:06 - watchfiles.main - INFO - 1 change detected
2026-04-30 18:46:07 - watchfiles.main - INFO - 1 change detected
2026-04-30 18:46:07 - watchfiles.main - INFO - 1 change detected
2026-04-30 18:46:08 - watchfiles.main - INFO - 1 change detected
2026-04-30 18:46:08 - watchfiles.main - INFO - 1 change detected
2026-04-30 18:46:08 - watchfiles.main - INFO - 1 change detected
2026-04-30 18:46:09 - watchfiles.main - INFO - 1 change detected
2026-04-30 18:46:09 - watchfiles.main - INFO - 1 change detected
2026-04-30 18:46:10 - watchfiles.main - INFO - 1 change detected
2026-04-30 18:46:10 - watchfiles.main - INFO - 1 change detected
2026-04-30 18:46:10 - watchfiles.main - INFO - 1 change detected
2026-04-30 18:46:11 - watchfiles.main - INFO - 1 change detected
2026-04-30 18:46:11 - watchfiles.main - INFO - 1 change detected
2026-04-30 18:46:12 - watchfiles.main - INFO - 1 change detected
2026-04-30 18:46:12 - watchfiles.main - INFO - 1 change detected
2026-04-30 18:46:12 - watchfiles.main - INFO - 1 change detected
2026-04-30 18:46:13 - watchfiles.main - INFO - 1 change detected
2026-04-30 18:46:13 - watchfiles.main - INFO - 1 change detected
2026-04-30 18:46:14 - watchfiles.main - INFO - 1 change detected
2026-04-30 18:46:14 - watchfiles.main - INFO - 1 change detected
2026-04-30 18:46:14 - watchfiles.main - INFO - 1 change detected
2026-04-30 18:46:15 - watchfiles.main - INFO - 1 change detected
2026-04-30 18:46:15 - watchfiles.main - INFO - 1 change detected
2026-04-30 18:46:16 - watchfiles.main - INFO - 1 change detected
2026-04-30 18:46:16 - watchfiles.main - INFO - 1 change detected
2026-04-30 18:46:16 - watchfiles.main - INFO - 1 change detected
2026-04-30 18:46:17 - watchfiles.main - INFO - 1 change detected
2026-04-30 18:46:17 - watchfiles.main - INFO - 1 change detected
2026-04-30 18:46:18 - watchfiles.main - INFO - 1 change detected
2026-04-30 18:46:18 - watchfiles.main - INFO - 1 change detected
2026-04-30 18:46:18 - watchfiles.main - INFO - 1 change detected
2026-04-30 18:46:19 - watchfiles.main - INFO - 1 change detected
2026-04-30 18:46:19 - watchfiles.main - INFO - 1 change detected
2026-04-30 18:46:20 - watchfiles.main - INFO - 1 change detected
2026-04-30 18:46:20 - watchfiles.main - INFO - 1 change detected
2026-04-30 18:46:20 - watchfiles.main - INFO - 1 change detected
2026-04-30 18:46:21 - watchfiles.main - INFO - 1 change detected
2026-04-30 18:46:21 - watchfiles.main - INFO - 1 change detected
2026-04-30 18:46:22 - watchfiles.main - INFO - 1 change detected
2026-04-30 18:46:22 - watchfiles.main - INFO - 1 change detected
2026-04-30 18:46:23 - watchfiles.main - INFO - 1 change detected
2026-04-30 18:46:23 - watchfiles.main - INFO - 1 change detected
2026-04-30 18:46:23 - watchfiles.main - INFO - 1 change detected
2026-04-30 18:46:24 - watchfiles.main - INFO - 1 change detected
2026-04-30 18:46:24 - watchfiles.main - INFO - 1 change detected
2026-04-30 18:46:25 - watchfiles.main - INFO - 1 change detected
2026-04-30 18:46:25 - watchfiles.main - INFO - 1 change detected
2026-04-30 18:46:25 - watchfiles.main - INFO - 1 change detected
2026-04-30 18:46:26 - watchfiles.main - INFO - 1 change detected
2026-04-30 18:46:26 - watchfiles.main - INFO - 1 change detected
2026-04-30 18:46:27 - watchfiles.main - INFO - 1 change detected
2026-04-30 18:46:27 - watchfiles.main - INFO - 1 change detected
2026-04-30 18:46:27 - watchfiles.main - INFO - 1 change detected
2026-04-30 18:46:28 - watchfiles.main - INFO - 1 change detected
2026-04-30 18:46:28 - watchfiles.main - INFO - 1 change detected
2026-04-30 18:46:29 - watchfiles.main - INFO - 1 change detected
2026-04-30 18:46:29 - watchfiles.main - INFO - 1 change detected
2026-04-30 18:46:29 - watchfiles.main - INFO - 1 change detected
2026-04-30 18:46:30 - watchfiles.main - INFO - 1 change detected
2026-04-30 18:46:30 - watchfiles.main - INFO - 1 change detected
2026-04-30 18:46:31 - watchfiles.main - INFO - 1 change detected
2026-04-30 18:46:31 - watchfiles.main - INFO - 1 change detected
2026-04-30 18:46:31 - watchfiles.main - INFO - 1 change detected
2026-04-30 18:46:32 - watchfiles.main - INFO - 1 change detected
2026-04-30 18:46:32 - watchfiles.main - INFO - 1 change detected
2026-04-30 18:46:33 - watchfiles.main - INFO - 1 change detected
2026-04-30 18:46:33 - watchfiles.main - INFO - 1 change detected
2026-04-30 18:46:33 - watchfiles.main - INFO - 1 change detected
2026-04-30 18:46:34 - watchfiles.main - INFO - 1 change detected
2026-04-30 18:46:34 - watchfiles.main - INFO - 1 change detected
2026-04-30 18:46:35 - watchfiles.main - INFO - 1 change detected
2026-04-30 18:46:35 - watchfiles.main - INFO - 1 change detected
2026-04-30 18:46:35 - watchfiles.main - INFO - 1 change detected
2026-04-30 18:46:36 - watchfiles.main - INFO - 1 change detected
2026-04-30 18:46:36 - watchfiles.main - INFO - 1 change detected
2026-04-30 18:46:37 - watchfiles.main - INFO - 1 change detected
2026-04-30 18:46:37 - watchfiles.main - INFO - 1 change detected
2026-04-30 18:46:37 - watchfiles.main - INFO - 1 change detected
2026-04-30 18:46:38 - watchfiles.main - INFO - 1 change detected
2026-04-30 18:46:38 - watchfiles.main - INFO - 1 change detected
2026-04-30 18:46:39 - watchfiles.main - INFO - 1 change detected
2026-04-30 18:46:39 - watchfiles.main - INFO - 1 change detected
2026-04-30 18:46:39 - watchfiles.main - INFO - 1 change detected
2026-04-30 18:46:40 - watchfiles.main - INFO - 1 change detected
2026-04-30 18:46:40 - watchfiles.main - INFO - 1 change detected
2026-04-30 18:46:41 - watchfiles.main - INFO - 1 change detected
2026-04-30 18:46:41 - watchfiles.main - INFO - 1 change detected
2026-04-30 18:46:41 - watchfiles.main - INFO - 1 change detected
2026-04-30 18:46:42 - watchfiles.main - INFO - 1 change detected
2026-04-30 18:46:42 - watchfiles.main - INFO - 1 change detected
2026-04-30 18:46:43 - watchfiles.main - INFO - 1 change detected
2026-04-30 18:46:43 - watchfiles.main - INFO - 1 change detected
2026-04-30 18:46:44 - watchfiles.main - INFO - 1 change detected
2026-04-30 18:46:44 - watchfiles.main - INFO - 1 change detected
2026-04-30 18:46:44 - watchfiles.main - INFO - 1 change detected
2026-04-30 18:46:45 - watchfiles.main - INFO - 1 change detected
2026-04-30 18:46:45 - watchfiles.main - INFO - 1 change detected
2026-04-30 18:46:46 - watchfiles.main - INFO - 1 change detected
2026-04-30 18:46:46 - watchfiles.main - INFO - 1 change detected
2026-04-30 18:46:46 - watchfiles.main - INFO - 1 change detected
2026-04-30 18:46:47 - watchfiles.main - INFO - 1 change detected
2026-04-30 18:46:47 - watchfiles.main - INFO - 1 change detected
2026-04-30 18:46:48 - watchfiles.main - INFO - 1 change detected
2026-04-30 18:46:48 - watchfiles.main - INFO - 1 change detected
2026-04-30 18:46:48 - watchfiles.main - INFO - 1 change detected
2026-04-30 18:46:49 - watchfiles.main - INFO - 1 change detected
2026-04-30 18:46:49 - watchfiles.main - INFO - 1 change detected
2026-04-30 18:46:50 - watchfiles.main - INFO - 1 change detected
2026-04-30 18:46:50 - watchfiles.main - INFO - 1 change detected
2026-04-30 18:46:50 - watchfiles.main - INFO - 1 change detected
2026-04-30 18:46:51 - watchfiles.main - INFO - 1 change detected
2026-04-30 18:46:51 - watchfiles.main - INFO - 1 change detected
2026-04-30 18:46:52 - watchfiles.main - INFO - 1 change detected
2026-04-30 18:46:52 - watchfiles.main - INFO - 1 change detected
2026-04-30 18:46:52 - watchfiles.main - INFO - 1 change detected
2026-04-30 18:46:53 - watchfiles.main - INFO - 1 change detected
2026-04-30 18:46:53 - watchfiles.main - INFO - 1 change detected
2026-04-30 18:46:54 - watchfiles.main - INFO - 1 change detected
2026-04-30 18:46:54 - watchfiles.main - INFO - 1 change detected
2026-04-30 18:46:54 - watchfiles.main - INFO - 1 change detected
2026-04-30 18:46:55 - watchfiles.main - INFO - 1 change detected
2026-04-30 18:46:55 - watchfiles.main - INFO - 1 change detected
2026-04-30 18:46:56 - watchfiles.main - INFO - 1 change detected
2026-04-30 18:46:56 - watchfiles.main - INFO - 1 change detected
2026-04-30 18:46:56 - watchfiles.main - INFO - 1 change detected
2026-04-30 18:46:57 - watchfiles.main - INFO - 1 change detected
2026-04-30 18:46:57 - watchfiles.main - INFO - 1 change detected
2026-04-30 18:46:58 - watchfiles.main - INFO - 1 change detected
2026-04-30 18:46:58 - watchfiles.main - INFO - 1 change detected
2026-04-30 18:46:58 - watchfiles.main - INFO - 1 change detected
2026-04-30 18:46:59 - watchfiles.main - INFO - 1 change detected
2026-04-30 18:46:59 - watchfiles.main - INFO - 1 change detected
2026-04-30 18:47:00 - watchfiles.main - INFO - 1 change detected
2026-04-30 18:47:00 - watchfiles.main - INFO - 1 change detected
2026-04-30 18:47:00 - watchfiles.main - INFO - 1 change detected
2026-04-30 18:47:01 - watchfiles.main - INFO - 1 change detected
2026-04-30 18:47:01 - watchfiles.main - INFO - 1 change detected
2026-04-30 18:47:02 - watchfiles.main - INFO - 1 change detected
2026-04-30 18:47:02 - watchfiles.main - INFO - 1 change detected
2026-04-30 18:47:02 - watchfiles.main - INFO - 1 change detected
2026-04-30 18:47:03 - watchfiles.main - INFO - 1 change detected
2026-04-30 18:47:03 - watchfiles.main - INFO - 1 change detected
2026-04-30 18:47:04 - watchfiles.main - INFO - 1 change detected
2026-04-30 18:47:04 - watchfiles.main - INFO - 1 change detected
2026-04-30 18:47:05 - watchfiles.main - INFO - 1 change detected
2026-04-30 18:47:05 - watchfiles.main - INFO - 1 change detected
2026-04-30 18:47:05 - watchfiles.main - INFO - 1 change detected
2026-04-30 18:47:06 - watchfiles.main - INFO - 1 change detected
2026-04-30 18:47:06 - watchfiles.main - INFO - 1 change detected
2026-04-30 18:47:07 - watchfiles.main - INFO - 1 change detected
2026-04-30 18:47:07 - watchfiles.main - INFO - 1 change detected
2026-04-30 18:47:07 - watchfiles.main - INFO - 1 change detected
2026-04-30 18:47:08 - watchfiles.main - INFO - 1 change detected
2026-04-30 18:47:08 - watchfiles.main - INFO - 1 change detected
2026-04-30 18:47:09 - watchfiles.main - INFO - 1 change detected
2026-04-30 18:47:09 - watchfiles.main - INFO - 1 change detected
2026-04-30 18:47:09 - watchfiles.main - INFO - 1 change detected
2026-04-30 18:47:10 - watchfiles.main - INFO - 1 change detected
2026-04-30 18:47:10 - watchfiles.main - INFO - 1 change detected
2026-04-30 18:47:11 - watchfiles.main - INFO - 1 change detected
2026-04-30 18:47:11 - watchfiles.main - INFO - 1 change detected
2026-04-30 18:47:11 - watchfiles.main - INFO - 1 change detected
2026-04-30 18:47:12 - watchfiles.main - INFO - 1 change detected
2026-04-30 18:47:12 - watchfiles.main - INFO - 1 change detected
2026-04-30 18:47:13 - watchfiles.main - INFO - 1 change detected
2026-04-30 18:47:13 - watchfiles.main - INFO - 1 change detected
2026-04-30 18:47:13 - watchfiles.main - INFO - 1 change detected
2026-04-30 18:47:14 - watchfiles.main - INFO - 1 change detected
2026-04-30 18:47:14 - watchfiles.main - INFO - 1 change detected
2026-04-30 18:47:15 - watchfiles.main - INFO - 1 change detected
2026-04-30 18:47:15 - watchfiles.main - INFO - 1 change detected
2026-04-30 18:47:15 - watchfiles.main - INFO - 1 change detected
2026-04-30 18:47:16 - watchfiles.main - INFO - 1 change detected
2026-04-30 18:47:16 - watchfiles.main - INFO - 1 change detected
2026-04-30 18:47:17 - watchfiles.main - INFO - 1 change detected
2026-04-30 18:47:17 - watchfiles.main - INFO - 1 change detected
2026-04-30 18:47:18 - watchfiles.main - INFO - 1 change detected
2026-04-30 18:47:18 - watchfiles.main - INFO - 1 change detected
2026-04-30 18:47:18 - watchfiles.main - INFO - 1 change detected
2026-04-30 18:47:19 - watchfiles.main - INFO - 1 change detected
2026-04-30 18:47:19 - watchfiles.main - INFO - 1 change detected
2026-04-30 18:47:20 - watchfiles.main - INFO - 1 change detected
2026-04-30 18:47:20 - watchfiles.main - INFO - 1 change detected
2026-04-30 18:47:20 - watchfiles.main - INFO - 1 change detected
2026-04-30 18:47:21 - watchfiles.main - INFO - 1 change detected
2026-04-30 18:47:21 - watchfiles.main - INFO - 1 change detected
2026-04-30 18:47:22 - watchfiles.main - INFO - 1 change detected
2026-04-30 18:47:22 - watchfiles.main - INFO - 1 change detected
2026-04-30 18:47:22 - watchfiles.main - INFO - 1 change detected
2026-04-30 18:47:23 - watchfiles.main - INFO - 1 change detected
2026-04-30 18:47:23 - watchfiles.main - INFO - 1 change detected
2026-04-30 18:47:24 - watchfiles.main - INFO - 1 change detected
2026-04-30 18:47:24 - watchfiles.main - INFO - 1 change detected
2026-04-30 18:47:24 - watchfiles.main - INFO - 1 change detected
2026-04-30 18:47:25 - watchfiles.main - INFO - 1 change detected
2026-04-30 18:47:25 - watchfiles.main - INFO - 1 change detected
2026-04-30 18:47:26 - watchfiles.main - INFO - 1 change detected
2026-04-30 18:47:26 - watchfiles.main - INFO - 1 change detected
2026-04-30 18:47:26 - watchfiles.main - INFO - 1 change detected
2026-04-30 18:47:27 - watchfiles.main - INFO - 1 change detected
2026-04-30 18:47:27 - watchfiles.main - INFO - 1 change detected
2026-04-30 18:47:28 - watchfiles.main - INFO - 1 change detected
2026-04-30 18:47:28 - watchfiles.main - INFO - 1 change detected
2026-04-30 18:47:28 - watchfiles.main - INFO - 1 change detected
2026-04-30 18:47:29 - watchfiles.main - INFO - 1 change detected
2026-04-30 18:47:29 - watchfiles.main - INFO - 1 change detected
2026-04-30 18:47:30 - watchfiles.main - INFO - 1 change detected
2026-04-30 18:47:30 - watchfiles.main - INFO - 1 change detected
2026-04-30 18:47:30 - watchfiles.main - INFO - 1 change detected
2026-04-30 18:47:31 - watchfiles.main - INFO - 1 change detected
2026-04-30 18:47:31 - watchfiles.main - INFO - 1 change detected
2026-04-30 18:47:32 - watchfiles.main - INFO - 1 change detected
2026-04-30 18:47:32 - watchfiles.main - INFO - 1 change detected
2026-04-30 18:47:32 - watchfiles.main - INFO - 1 change detected
2026-04-30 18:47:33 - watchfiles.main - INFO - 1 change detected
2026-04-30 18:47:33 - watchfiles.main - INFO - 1 change detected
2026-04-30 18:47:34 - watchfiles.main - INFO - 1 change detected
2026-04-30 18:47:34 - watchfiles.main - INFO - 1 change detected
2026-04-30 18:47:34 - watchfiles.main - INFO - 1 change detected
2026-04-30 18:47:35 - watchfiles.main - INFO - 1 change detected
2026-04-30 18:47:35 - watchfiles.main - INFO - 1 change detected
2026-04-30 18:47:36 - watchfiles.main - INFO - 1 change detected
2026-04-30 18:47:36 - watchfiles.main - INFO - 1 change detected
2026-04-30 18:47:36 - watchfiles.main - INFO - 1 change detected
2026-04-30 18:47:37 - watchfiles.main - INFO - 1 change detected
2026-04-30 18:47:37 - watchfiles.main - INFO - 1 change detected
2026-04-30 18:47:38 - watchfiles.main - INFO - 1 change detected
2026-04-30 18:47:38 - watchfiles.main - INFO - 1 change detected
2026-04-30 18:47:38 - watchfiles.main - INFO - 1 change detected
2026-04-30 18:47:39 - watchfiles.main - INFO - 1 change detected
2026-04-30 18:47:39 - watchfiles.main - INFO - 1 change detected
2026-04-30 18:47:40 - watchfiles.main - INFO - 1 change detected
2026-04-30 18:47:40 - watchfiles.main - INFO - 1 change detected
2026-04-30 18:47:40 - watchfiles.main - INFO - 1 change detected
2026-04-30 18:47:41 - watchfiles.main - INFO - 1 change detected
2026-04-30 18:47:41 - watchfiles.main - INFO - 1 change detected
2026-04-30 18:47:42 - watchfiles.main - INFO - 1 change detected
2026-04-30 18:47:42 - watchfiles.main - INFO - 1 change detected
2026-04-30 18:47:43 - watchfiles.main - INFO - 1 change detected
2026-04-30 18:47:43 - watchfiles.main - INFO - 1 change detected
2026-04-30 18:47:43 - watchfiles.main - INFO - 1 change detected
2026-04-30 18:47:44 - watchfiles.main - INFO - 1 change detected
2026-04-30 18:47:44 - watchfiles.main - INFO - 1 change detected
2026-04-30 18:47:45 - watchfiles.main - INFO - 1 change detected
2026-04-30 18:47:45 - watchfiles.main - INFO - 1 change detected
2026-04-30 18:47:45 - watchfiles.main - INFO - 1 change detected
2026-04-30 18:47:46 - watchfiles.main - INFO - 1 change detected
2026-04-30 18:47:46 - watchfiles.main - INFO - 1 change detected
2026-04-30 18:47:47 - watchfiles.main - INFO - 1 change detected
2026-04-30 18:47:47 - watchfiles.main - INFO - 1 change detected
2026-04-30 18:47:47 - watchfiles.main - INFO - 1 change detected
2026-04-30 18:47:48 - watchfiles.main - INFO - 1 change detected
2026-04-30 18:47:48 - watchfiles.main - INFO - 1 change detected
2026-04-30 18:47:49 - watchfiles.main - INFO - 1 change detected
2026-04-30 18:47:49 - watchfiles.main - INFO - 1 change detected
2026-04-30 18:47:49 - watchfiles.main - INFO - 1 change detected
2026-04-30 18:47:50 - watchfiles.main - INFO - 1 change detected
2026-04-30 18:47:50 - watchfiles.main - INFO - 1 change detected
2026-04-30 18:47:51 - watchfiles.main - INFO - 1 change detected
2026-04-30 18:47:51 - watchfiles.main - INFO - 1 change detected
2026-04-30 18:47:51 - watchfiles.main - INFO - 1 change detected
2026-04-30 18:47:52 - watchfiles.main - INFO - 1 change detected
2026-04-30 18:47:52 - watchfiles.main - INFO - 1 change detected
2026-04-30 18:47:53 - watchfiles.main - INFO - 1 change detected
2026-04-30 18:47:53 - watchfiles.main - INFO - 1 change detected
2026-04-30 18:47:54 - watchfiles.main - INFO - 1 change detected
2026-04-30 18:47:54 - watchfiles.main - INFO - 1 change detected
2026-04-30 18:47:54 - watchfiles.main - INFO - 1 change detected
2026-04-30 18:47:55 - watchfiles.main - INFO - 1 change detected
2026-04-30 18:47:55 - watchfiles.main - INFO - 1 change detected
2026-04-30 18:47:56 - watchfiles.main - INFO - 1 change detected
2026-04-30 18:47:56 - watchfiles.main - INFO - 1 change detected
2026-04-30 18:47:56 - watchfiles.main - INFO - 1 change detected
2026-04-30 18:47:57 - watchfiles.main - INFO - 1 change detected
2026-04-30 18:47:57 - watchfiles.main - INFO - 1 change detected
2026-04-30 18:47:58 - watchfiles.main - INFO - 1 change detected
2026-04-30 18:47:58 - watchfiles.main - INFO - 1 change detected
2026-04-30 18:47:58 - watchfiles.main - INFO - 1 change detected
2026-04-30 18:47:59 - watchfiles.main - INFO - 1 change detected
2026-04-30 18:47:59 - watchfiles.main - INFO - 1 change detected
2026-04-30 18:48:00 - watchfiles.main - INFO - 1 change detected
2026-04-30 18:48:00 - watchfiles.main - INFO - 1 change detected
2026-04-30 18:48:00 - watchfiles.main - INFO - 1 change detected
2026-04-30 18:48:01 - watchfiles.main - INFO - 1 change detected
2026-04-30 18:48:01 - watchfiles.main - INFO - 1 change detected
2026-04-30 18:48:02 - watchfiles.main - INFO - 1 change detected
2026-04-30 18:48:02 - watchfiles.main - INFO - 1 change detected
2026-04-30 18:48:03 - watchfiles.main - INFO - 1 change detected
2026-04-30 18:48:03 - watchfiles.main - INFO - 1 change detected
2026-04-30 18:48:03 - watchfiles.main - INFO - 1 change detected
2026-04-30 18:48:04 - watchfiles.main - INFO - 1 change detected
2026-04-30 18:48:04 - watchfiles.main - INFO - 1 change detected
2026-04-30 18:48:05 - watchfiles.main - INFO - 1 change detected
2026-04-30 18:48:05 - watchfiles.main - INFO - 1 change detected
2026-04-30 18:48:05 - watchfiles.main - INFO - 1 change detected
2026-04-30 18:48:06 - watchfiles.main - INFO - 1 change detected
2026-04-30 18:48:06 - watchfiles.main - INFO - 1 change detected
2026-04-30 18:48:07 - watchfiles.main - INFO - 1 change detected
2026-04-30 18:48:07 - watchfiles.main - INFO - 1 change detected
2026-04-30 18:48:07 - watchfiles.main - INFO - 1 change detected
2026-04-30 18:48:08 - watchfiles.main - INFO - 1 change detected
2026-04-30 18:48:08 - watchfiles.main - INFO - 1 change detected
2026-04-30 18:48:09 - watchfiles.main - INFO - 1 change detected
2026-04-30 18:48:09 - watchfiles.main - INFO - 1 change detected
2026-04-30 18:48:09 - watchfiles.main - INFO - 1 change detected
2026-04-30 18:48:10 - watchfiles.main - INFO - 1 change detected
2026-04-30 18:48:10 - watchfiles.main - INFO - 1 change detected
2026-04-30 18:48:11 - watchfiles.main - INFO - 1 change detected
2026-04-30 18:48:11 - main - INFO - 👋 StyleMate 后端服务关闭
2026-04-30 18:48:12 - watchfiles.main - INFO - 1 change detected
2026-04-30 18:48:14 - root - INFO - ✅ 日志文件已创建: D:\AgentProjects\Outfit_Style\backend\logs\stylemate_2026-04-30.log
2026-04-30 18:48:14 - root - INFO - ✅ 日志文件已创建: D:\AgentProjects\Outfit_Style\backend\logs\stylemate_2026-04-30.log
2026-04-30 18:48:14 - root - INFO - ✅ 日志文件已创建: D:\AgentProjects\Outfit_Style\backend\logs\stylemate_2026-04-30.log
2026-04-30 18:48:14 - main - INFO - 🚀 StyleMate 后端服务启动中...
2026-04-30 18:48:14 - watchfiles.main - INFO - 6 changes detected
2026-04-30 18:48:15 - watchfiles.main - INFO - 1 change detected
2026-04-30 18:48:15 - watchfiles.main - INFO - 1 change detected
2026-04-30 18:48:15 - main - INFO - ✅ Agent 初始化完成
2026-04-30 18:48:15 - watchfiles.main - INFO - 1 change detected
2026-04-30 18:48:16 - watchfiles.main - INFO - 1 change detected
2026-04-30 18:48:16 - watchfiles.main - INFO - 1 change detected
2026-04-30 18:48:17 - watchfiles.main - INFO - 1 change detected
2026-04-30 18:48:17 - watchfiles.main - INFO - 1 change detected
2026-04-30 18:48:17 - watchfiles.main - INFO - 1 change detected
2026-04-30 18:48:18 - watchfiles.main - INFO - 1 change detected
2026-04-30 18:48:18 - watchfiles.main - INFO - 1 change detected
2026-04-30 18:48:19 - watchfiles.main - INFO - 1 change detected
2026-04-30 18:48:19 - watchfiles.main - INFO - 1 change detected
2026-04-30 18:48:19 - watchfiles.main - INFO - 1 change detected
2026-04-30 18:48:20 - watchfiles.main - INFO - 1 change detected
2026-04-30 18:48:20 - watchfiles.main - INFO - 1 change detected
2026-04-30 18:48:21 - watchfiles.main - INFO - 1 change detected
2026-04-30 18:48:21 - watchfiles.main - INFO - 1 change detected
2026-04-30 18:48:21 - watchfiles.main - INFO - 1 change detected
2026-04-30 18:48:22 - watchfiles.main - INFO - 1 change detected
2026-04-30 18:48:22 - watchfiles.main - INFO - 1 change detected
2026-04-30 18:48:23 - watchfiles.main - INFO - 1 change detected
2026-04-30 18:48:23 - watchfiles.main - INFO - 1 change detected
2026-04-30 18:48:23 - watchfiles.main - INFO - 1 change detected
2026-04-30 18:48:24 - watchfiles.main - INFO - 1 change detected
2026-04-30 18:48:24 - watchfiles.main - INFO - 1 change detected
2026-04-30 18:48:25 - watchfiles.main - INFO - 1 change detected
2026-04-30 18:48:25 - watchfiles.main - INFO - 1 change detected
2026-04-30 18:48:26 - watchfiles.main - INFO - 1 change detected
2026-04-30 18:48:26 - watchfiles.main - INFO - 1 change detected
2026-04-30 18:48:27 - watchfiles.main - INFO - 1 change detected
2026-04-30 18:48:27 - watchfiles.main - INFO - 1 change detected
2026-04-30 18:48:27 - watchfiles.main - INFO - 1 change detected
2026-04-30 18:48:28 - watchfiles.main - INFO - 1 change detected
2026-04-30 18:48:28 - watchfiles.main - INFO - 1 change detected
2026-04-30 18:48:29 - watchfiles.main - INFO - 1 change detected
2026-04-30 18:48:29 - watchfiles.main - INFO - 1 change detected
2026-04-30 18:48:29 - watchfiles.main - INFO - 1 change detected
2026-04-30 18:48:30 - watchfiles.main - INFO - 1 change detected
2026-04-30 18:48:30 - watchfiles.main - INFO - 1 change detected
2026-04-30 18:48:31 - watchfiles.main - INFO - 1 change detected
2026-04-30 18:48:31 - watchfiles.main - INFO - 1 change detected
2026-04-30 18:48:31 - watchfiles.main - INFO - 1 change detected
2026-04-30 18:48:32 - watchfiles.main - INFO - 1 change detected
2026-04-30 18:48:32 - watchfiles.main - INFO - 1 change detected
2026-04-30 18:48:33 - watchfiles.main - INFO - 1 change detected
2026-04-30 18:48:33 - watchfiles.main - INFO - 1 change detected
2026-04-30 18:48:33 - watchfiles.main - INFO - 1 change detected
2026-04-30 18:48:34 - watchfiles.main - INFO - 1 change detected
2026-04-30 18:48:34 - watchfiles.main - INFO - 1 change detected
2026-04-30 18:48:35 - watchfiles.main - INFO - 1 change detected
2026-04-30 18:48:35 - watchfiles.main - INFO - 1 change detected
2026-04-30 18:48:36 - watchfiles.main - INFO - 1 change detected
2026-04-30 18:48:36 - watchfiles.main - INFO - 1 change detected
2026-04-30 18:48:36 - watchfiles.main - INFO - 1 change detected
2026-04-30 18:48:37 - watchfiles.main - INFO - 1 change detected
2026-04-30 18:48:37 - main - INFO - 👋 StyleMate 后端服务关闭
2026-04-30 18:48:41 - root - INFO - ✅ 日志文件已创建: D:\AgentProjects\Outfit_Style\backend\logs\stylemate_2026-04-30.log
2026-04-30 18:48:41 - root - INFO - ✅ 日志文件已创建: D:\AgentProjects\Outfit_Style\backend\logs\stylemate_2026-04-30.log
2026-04-30 18:48:43 - root - INFO - ✅ 日志文件已创建: D:\AgentProjects\Outfit_Style\backend\logs\stylemate_2026-04-30.log
2026-04-30 18:48:43 - root - INFO - ✅ 日志文件已创建: D:\AgentProjects\Outfit_Style\backend\logs\stylemate_2026-04-30.log
2026-04-30 18:48:43 - watchfiles.main - INFO - 1 change detected
2026-04-30 18:48:43 - root - INFO - ✅ 日志文件已创建: D:\AgentProjects\Outfit_Style\backend\logs\stylemate_2026-04-30.log
2026-04-30 18:48:43 - main - INFO - 🚀 StyleMate 后端服务启动中...
2026-04-30 18:48:43 - watchfiles.main - INFO - 1 change detected
2026-04-30 18:48:43 - watchfiles.main - INFO - 1 change detected
2026-04-30 18:48:44 - main - INFO - ✅ Agent 初始化完成
2026-04-30 18:48:44 - watchfiles.main - INFO - 1 change detected
2026-04-30 18:48:44 - watchfiles.main - INFO - 1 change detected
2026-04-30 18:48:45 - watchfiles.main - INFO - 1 change detected
2026-04-30 18:48:45 - watchfiles.main - INFO - 1 change detected
2026-04-30 18:48:45 - watchfiles.main - INFO - 1 change detected
2026-04-30 18:48:46 - watchfiles.main - INFO - 1 change detected
2026-04-30 18:48:46 - watchfiles.main - INFO - 1 change detected
2026-04-30 18:48:47 - watchfiles.main - INFO - 1 change detected
2026-04-30 18:48:47 - watchfiles.main - INFO - 1 change detected
2026-04-30 18:48:47 - watchfiles.main - INFO - 1 change detected
2026-04-30 18:48:48 - watchfiles.main - INFO - 1 change detected
2026-04-30 18:48:48 - watchfiles.main - INFO - 1 change detected
2026-04-30 18:48:49 - watchfiles.main - INFO - 1 change detected
2026-04-30 18:48:49 - watchfiles.main - INFO - 1 change detected
2026-04-30 18:48:50 - watchfiles.main - INFO - 1 change detected
2026-04-30 18:48:50 - watchfiles.main - INFO - 1 change detected
2026-04-30 18:48:50 - watchfiles.main - INFO - 1 change detected
2026-04-30 18:48:51 - watchfiles.main - INFO - 1 change detected
2026-04-30 18:48:51 - watchfiles.main - INFO - 1 change detected
2026-04-30 18:48:52 - watchfiles.main - INFO - 1 change detected
2026-04-30 18:48:52 - watchfiles.main - INFO - 1 change detected
2026-04-30 18:48:52 - watchfiles.main - INFO - 1 change detected
2026-04-30 18:48:53 - watchfiles.main - INFO - 1 change detected
2026-04-30 18:48:53 - watchfiles.main - INFO - 1 change detected
2026-04-30 18:48:54 - watchfiles.main - INFO - 1 change detected
2026-04-30 18:48:54 - main - INFO - 👋 StyleMate 后端服务关闭
2026-04-30 18:48:55 - watchfiles.main - INFO - 1 change detected
2026-04-30 18:48:57 - root - INFO - ✅ 日志文件已创建: D:\AgentProjects\Outfit_Style\backend\logs\stylemate_2026-04-30.log
2026-04-30 18:48:57 - root - INFO - ✅ 日志文件已创建: D:\AgentProjects\Outfit_Style\backend\logs\stylemate_2026-04-30.log
2026-04-30 18:48:57 - watchfiles.main - INFO - 1 change detected
2026-04-30 18:48:57 - root - INFO - ✅ 日志文件已创建: D:\AgentProjects\Outfit_Style\backend\logs\stylemate_2026-04-30.log
2026-04-30 18:48:57 - main - INFO - 🚀 StyleMate 后端服务启动中...
2026-04-30 18:48:57 - watchfiles.main - INFO - 6 changes detected
2026-04-30 18:48:58 - watchfiles.main - INFO - 1 change detected
2026-04-30 18:48:58 - main - INFO - ✅ Agent 初始化完成
2026-04-30 18:48:58 - watchfiles.main - INFO - 1 change detected
2026-04-30 18:48:58 - watchfiles.main - INFO - 1 change detected
2026-04-30 18:48:59 - watchfiles.main - INFO - 1 change detected
2026-04-30 18:48:59 - main - INFO - 👋 StyleMate 后端服务关闭
2026-04-30 18:49:00 - watchfiles.main - INFO - 1 change detected
2026-04-30 18:49:02 - root - INFO - ✅ 日志文件已创建: D:\AgentProjects\Outfit_Style\backend\logs\stylemate_2026-04-30.log
2026-04-30 18:49:02 - root - INFO - ✅ 日志文件已创建: D:\AgentProjects\Outfit_Style\backend\logs\stylemate_2026-04-30.log
2026-04-30 18:49:02 - watchfiles.main - INFO - 1 change detected
2026-04-30 18:49:02 - root - INFO - ✅ 日志文件已创建: D:\AgentProjects\Outfit_Style\backend\logs\stylemate_2026-04-30.log
2026-04-30 18:49:02 - main - INFO - 🚀 StyleMate 后端服务启动中...
2026-04-30 18:49:02 - watchfiles.main - INFO - 6 changes detected
2026-04-30 18:49:02 - watchfiles.main - INFO - 1 change detected
2026-04-30 18:49:03 - main - INFO - ✅ Agent 初始化完成
2026-04-30 18:49:03 - watchfiles.main - INFO - 1 change detected
2026-04-30 18:49:03 - watchfiles.main - INFO - 1 change detected
2026-04-30 18:49:04 - watchfiles.main - INFO - 1 change detected
2026-04-30 18:49:04 - watchfiles.main - INFO - 1 change detected
2026-04-30 18:49:04 - watchfiles.main - INFO - 1 change detected
2026-04-30 18:49:05 - watchfiles.main - INFO - 1 change detected
2026-04-30 18:49:05 - watchfiles.main - INFO - 1 change detected
2026-04-30 18:49:05 - watchfiles.main - INFO - 1 change detected
2026-04-30 18:49:06 - main - INFO - 👋 StyleMate 后端服务关闭
2026-04-30 18:49:10 - root - INFO - ✅ 日志文件已创建: D:\AgentProjects\Outfit_Style\backend\logs\stylemate_2026-04-30.log
2026-04-30 18:49:10 - root - INFO - ✅ 日志文件已创建: D:\AgentProjects\Outfit_Style\backend\logs\stylemate_2026-04-30.log
2026-04-30 18:49:10 - root - INFO - ✅ 日志文件已创建: D:\AgentProjects\Outfit_Style\backend\logs\stylemate_2026-04-30.log
2026-04-30 18:49:10 - main - INFO - 🚀 StyleMate 后端服务启动中...
2026-04-30 18:49:11 - main - INFO - ✅ Agent 初始化完成
2026-04-30 18:49:11 - main - INFO - 👋 StyleMate 后端服务关闭
2026-04-30 18:49:23 - root - INFO - ✅ 日志文件已创建: D:\AgentProjects\Outfit_Style\backend\logs\stylemate_2026-04-30.log
2026-04-30 18:49:23 - root - INFO - ✅ 日志文件已创建: D:\AgentProjects\Outfit_Style\backend\logs\stylemate_2026-04-30.log
2026-04-30 18:49:23 - root - INFO - ✅ 日志文件已创建: D:\AgentProjects\Outfit_Style\backend\logs\stylemate_2026-04-30.log
2026-04-30 18:49:23 - main - INFO - 🚀 StyleMate 后端服务启动中...
2026-04-30 18:49:24 - main - INFO - ✅ Agent 初始化完成
2026-04-30 18:49:24 - main - INFO - 👋 StyleMate 后端服务关闭
2026-04-30 18:49:39 - root - INFO - ✅ 日志文件已创建: D:\AgentProjects\Outfit_Style\backend\logs\stylemate_2026-04-30.log
2026-04-30 18:49:39 - root - INFO - ✅ 日志文件已创建: D:\AgentProjects\Outfit_Style\backend\logs\stylemate_2026-04-30.log
2026-04-30 18:49:41 - root - INFO - ✅ 日志文件已创建: D:\AgentProjects\Outfit_Style\backend\logs\stylemate_2026-04-30.log
2026-04-30 18:49:41 - root - INFO - ✅ 日志文件已创建: D:\AgentProjects\Outfit_Style\backend\logs\stylemate_2026-04-30.log
2026-04-30 18:49:41 - watchfiles.main - INFO - 1 change detected
2026-04-30 18:49:41 - root - INFO - ✅ 日志文件已创建: D:\AgentProjects\Outfit_Style\backend\logs\stylemate_2026-04-30.log
2026-04-30 18:49:41 - main - INFO - 🚀 StyleMate 后端服务启动中...
2026-04-30 18:49:41 - watchfiles.main - INFO - 6 changes detected
2026-04-30 18:49:42 - watchfiles.main - INFO - 1 change detected
2026-04-30 18:49:42 - main - INFO - ✅ Agent 初始化完成
2026-04-30 18:49:42 - watchfiles.main - INFO - 1 change detected
2026-04-30 18:49:42 - watchfiles.main - INFO - 1 change detected
2026-04-30 18:49:43 - watchfiles.main - INFO - 1 change detected
2026-04-30 18:49:43 - watchfiles.main - INFO - 1 change detected
2026-04-30 18:49:43 - watchfiles.main - INFO - 1 change detected
2026-04-30 18:49:44 - watchfiles.main - INFO - 1 change detected
2026-04-30 18:49:44 - watchfiles.main - INFO - 1 change detected
2026-04-30 18:49:45 - watchfiles.main - INFO - 1 change detected
2026-04-30 18:49:45 - watchfiles.main - INFO - 1 change detected
2026-04-30 18:49:45 - watchfiles.main - INFO - 1 change detected
2026-04-30 18:49:46 - watchfiles.main - INFO - 1 change detected
2026-04-30 18:49:46 - watchfiles.main - INFO - 1 change detected
2026-04-30 18:49:47 - watchfiles.main - INFO - 1 change detected
2026-04-30 18:49:47 - watchfiles.main - INFO - 1 change detected
2026-04-30 18:49:48 - watchfiles.main - INFO - 1 change detected
2026-04-30 18:49:48 - watchfiles.main - INFO - 1 change detected
2026-04-30 18:49:48 - watchfiles.main - INFO - 1 change detected
2026-04-30 18:49:49 - watchfiles.main - INFO - 1 change detected
2026-04-30 18:49:49 - watchfiles.main - INFO - 1 change detected
2026-04-30 18:49:50 - watchfiles.main - INFO - 1 change detected
2026-04-30 18:49:50 - watchfiles.main - INFO - 1 change detected
2026-04-30 18:49:50 - watchfiles.main - INFO - 1 change detected
2026-04-30 18:49:51 - watchfiles.main - INFO - 1 change detected
2026-04-30 18:49:51 - watchfiles.main - INFO - 1 change detected
2026-04-30 18:49:52 - watchfiles.main - INFO - 1 change detected
2026-04-30 18:49:52 - watchfiles.main - INFO - 1 change detected
2026-04-30 18:49:52 - watchfiles.main - INFO - 1 change detected
2026-04-30 18:49:53 - watchfiles.main - INFO - 1 change detected
2026-04-30 18:49:53 - watchfiles.main - INFO - 1 change detected
2026-04-30 18:49:54 - watchfiles.main - INFO - 1 change detected
2026-04-30 18:49:54 - watchfiles.main - INFO - 1 change detected
2026-04-30 18:49:54 - watchfiles.main - INFO - 1 change detected
2026-04-30 18:49:55 - watchfiles.main - INFO - 1 change detected
2026-04-30 18:49:55 - watchfiles.main - INFO - 1 change detected
2026-04-30 18:49:56 - watchfiles.main - INFO - 1 change detected
2026-04-30 18:49:56 - watchfiles.main - INFO - 1 change detected
2026-04-30 18:49:57 - watchfiles.main - INFO - 1 change detected
2026-04-30 18:49:57 - watchfiles.main - INFO - 1 change detected
2026-04-30 18:49:57 - watchfiles.main - INFO - 1 change detected
2026-04-30 18:49:58 - watchfiles.main - INFO - 1 change detected
2026-04-30 18:49:58 - watchfiles.main - INFO - 1 change detected
2026-04-30 18:49:59 - watchfiles.main - INFO - 1 change detected
2026-04-30 18:49:59 - watchfiles.main - INFO - 1 change detected
2026-04-30 18:49:59 - watchfiles.main - INFO - 1 change detected
2026-04-30 18:50:00 - watchfiles.main - INFO - 1 change detected
2026-04-30 18:50:00 - watchfiles.main - INFO - 1 change detected
2026-04-30 18:50:01 - watchfiles.main - INFO - 1 change detected
2026-04-30 18:50:01 - watchfiles.main - INFO - 1 change detected
2026-04-30 18:50:01 - watchfiles.main - INFO - 1 change detected
2026-04-30 18:50:02 - watchfiles.main - INFO - 1 change detected
2026-04-30 18:50:02 - watchfiles.main - INFO - 1 change detected
2026-04-30 18:50:03 - watchfiles.main - INFO - 1 change detected
2026-04-30 18:50:03 - watchfiles.main - INFO - 1 change detected
2026-04-30 18:50:03 - watchfiles.main - INFO - 1 change detected
2026-04-30 18:50:04 - watchfiles.main - INFO - 1 change detected
2026-04-30 18:50:04 - watchfiles.main - INFO - 1 change detected
2026-04-30 18:50:05 - watchfiles.main - INFO - 1 change detected
2026-04-30 18:50:05 - watchfiles.main - INFO - 1 change detected
2026-04-30 18:50:05 - watchfiles.main - INFO - 1 change detected
2026-04-30 18:50:06 - watchfiles.main - INFO - 1 change detected
2026-04-30 18:50:06 - watchfiles.main - INFO - 1 change detected
2026-04-30 18:50:07 - watchfiles.main - INFO - 1 change detected
2026-04-30 18:50:07 - watchfiles.main - INFO - 1 change detected
2026-04-30 18:50:07 - watchfiles.main - INFO - 1 change detected
2026-04-30 18:50:08 - watchfiles.main - INFO - 1 change detected
2026-04-30 18:50:08 - watchfiles.main - INFO - 1 change detected
2026-04-30 18:50:09 - watchfiles.main - INFO - 1 change detected
2026-04-30 18:50:09 - watchfiles.main - INFO - 1 change detected
2026-04-30 18:50:09 - watchfiles.main - INFO - 1 change detected
2026-04-30 18:50:10 - watchfiles.main - INFO - 1 change detected
2026-04-30 18:50:10 - watchfiles.main - INFO - 1 change detected
2026-04-30 18:50:11 - watchfiles.main - INFO - 1 change detected
2026-04-30 18:50:11 - watchfiles.main - INFO - 1 change detected
2026-04-30 18:50:11 - watchfiles.main - INFO - 1 change detected
2026-04-30 18:50:12 - watchfiles.main - INFO - 1 change detected
2026-04-30 18:50:12 - watchfiles.main - INFO - 1 change detected
2026-04-30 18:50:13 - watchfiles.main - INFO - 1 change detected
2026-04-30 18:50:13 - watchfiles.main - INFO - 1 change detected
2026-04-30 18:50:13 - watchfiles.main - INFO - 1 change detected
2026-04-30 18:50:14 - watchfiles.main - INFO - 1 change detected
2026-04-30 18:50:14 - watchfiles.main - INFO - 1 change detected
2026-04-30 18:50:15 - watchfiles.main - INFO - 1 change detected
2026-04-30 18:50:15 - watchfiles.main - INFO - 1 change detected
2026-04-30 18:50:15 - watchfiles.main - INFO - 1 change detected
2026-04-30 18:50:16 - watchfiles.main - INFO - 1 change detected
2026-04-30 18:50:16 - watchfiles.main - INFO - 1 change detected
2026-04-30 18:50:17 - watchfiles.main - INFO - 1 change detected
2026-04-30 18:50:17 - watchfiles.main - INFO - 1 change detected
2026-04-30 18:50:17 - watchfiles.main - INFO - 1 change detected
2026-04-30 18:50:18 - watchfiles.main - INFO - 1 change detected
2026-04-30 18:50:18 - watchfiles.main - INFO - 1 change detected
2026-04-30 18:50:19 - watchfiles.main - INFO - 1 change detected
2026-04-30 18:50:19 - watchfiles.main - INFO - 1 change detected
2026-04-30 18:50:19 - watchfiles.main - INFO - 1 change detected
2026-04-30 18:50:20 - watchfiles.main - INFO - 1 change detected
2026-04-30 18:50:20 - watchfiles.main - INFO - 1 change detected
2026-04-30 18:50:21 - watchfiles.main - INFO - 1 change detected
2026-04-30 18:50:21 - watchfiles.main - INFO - 1 change detected
2026-04-30 18:50:21 - watchfiles.main - INFO - 1 change detected
2026-04-30 18:50:22 - watchfiles.main - INFO - 1 change detected
2026-04-30 18:50:22 - watchfiles.main - INFO - 1 change detected
2026-04-30 18:50:23 - watchfiles.main - INFO - 1 change detected
2026-04-30 18:50:23 - watchfiles.main - INFO - 1 change detected
2026-04-30 18:50:24 - watchfiles.main - INFO - 1 change detected
2026-04-30 18:50:24 - watchfiles.main - INFO - 1 change detected
2026-04-30 18:50:24 - watchfiles.main - INFO - 1 change detected
2026-04-30 18:50:25 - watchfiles.main - INFO - 1 change detected
2026-04-30 18:50:25 - watchfiles.main - INFO - 1 change detected
2026-04-30 18:50:26 - watchfiles.main - INFO - 1 change detected
2026-04-30 18:50:26 - watchfiles.main - INFO - 1 change detected
2026-04-30 18:50:26 - watchfiles.main - INFO - 1 change detected
2026-04-30 18:50:27 - watchfiles.main - INFO - 1 change detected
2026-04-30 18:50:27 - watchfiles.main - INFO - 1 change detected
2026-04-30 18:50:28 - watchfiles.main - INFO - 1 change detected
2026-04-30 18:50:28 - watchfiles.main - INFO - 1 change detected
2026-04-30 18:50:28 - watchfiles.main - INFO - 1 change detected
2026-04-30 18:50:29 - watchfiles.main - INFO - 1 change detected
2026-04-30 18:50:29 - watchfiles.main - INFO - 1 change detected
2026-04-30 18:50:30 - watchfiles.main - INFO - 1 change detected
2026-04-30 18:50:30 - watchfiles.main - INFO - 1 change detected
2026-04-30 18:50:30 - watchfiles.main - INFO - 1 change detected
2026-04-30 18:50:31 - watchfiles.main - INFO - 1 change detected
2026-04-30 18:50:31 - watchfiles.main - INFO - 1 change detected
2026-04-30 18:50:32 - watchfiles.main - INFO - 1 change detected
2026-04-30 18:50:32 - watchfiles.main - INFO - 1 change detected
2026-04-30 18:50:33 - watchfiles.main - INFO - 1 change detected
2026-04-30 18:50:33 - watchfiles.main - INFO - 1 change detected
2026-04-30 18:50:33 - watchfiles.main - INFO - 1 change detected
2026-04-30 18:50:34 - watchfiles.main - INFO - 1 change detected
2026-04-30 18:50:34 - watchfiles.main - INFO - 1 change detected
2026-04-30 18:50:35 - watchfiles.main - INFO - 1 change detected
2026-04-30 18:50:35 - watchfiles.main - INFO - 1 change detected
2026-04-30 18:50:35 - watchfiles.main - INFO - 1 change detected
2026-04-30 18:50:36 - watchfiles.main - INFO - 1 change detected
2026-04-30 18:50:36 - watchfiles.main - INFO - 1 change detected
2026-04-30 18:50:37 - watchfiles.main - INFO - 1 change detected
2026-04-30 18:50:37 - watchfiles.main - INFO - 1 change detected
2026-04-30 18:50:37 - watchfiles.main - INFO - 1 change detected
2026-04-30 18:50:38 - watchfiles.main - INFO - 1 change detected
2026-04-30 18:50:38 - watchfiles.main - INFO - 1 change detected
2026-04-30 18:50:39 - watchfiles.main - INFO - 1 change detected
2026-04-30 18:50:39 - watchfiles.main - INFO - 1 change detected
2026-04-30 18:50:39 - watchfiles.main - INFO - 1 change detected
2026-04-30 18:50:40 - watchfiles.main - INFO - 1 change detected
2026-04-30 18:50:40 - watchfiles.main - INFO - 1 change detected
2026-04-30 18:50:41 - watchfiles.main - INFO - 1 change detected
2026-04-30 18:50:41 - watchfiles.main - INFO - 1 change detected
2026-04-30 18:50:41 - watchfiles.main - INFO - 1 change detected
2026-04-30 18:50:42 - watchfiles.main - INFO - 1 change detected
2026-04-30 18:50:42 - watchfiles.main - INFO - 1 change detected
2026-04-30 18:50:43 - watchfiles.main - INFO - 1 change detected
2026-04-30 18:50:43 - watchfiles.main - INFO - 1 change detected
2026-04-30 18:50:43 - watchfiles.main - INFO - 1 change detected
2026-04-30 18:50:44 - watchfiles.main - INFO - 1 change detected
2026-04-30 18:50:44 - watchfiles.main - INFO - 1 change detected
2026-04-30 18:50:45 - watchfiles.main - INFO - 1 change detected
2026-04-30 18:50:45 - watchfiles.main - INFO - 1 change detected
2026-04-30 18:50:45 - watchfiles.main - INFO - 1 change detected
2026-04-30 18:50:46 - watchfiles.main - INFO - 1 change detected
2026-04-30 18:50:46 - watchfiles.main - INFO - 1 change detected
2026-04-30 18:50:47 - watchfiles.main - INFO - 1 change detected
2026-04-30 18:50:47 - watchfiles.main - INFO - 1 change detected
2026-04-30 18:50:47 - watchfiles.main - INFO - 1 change detected
2026-04-30 18:50:48 - watchfiles.main - INFO - 1 change detected
2026-04-30 18:50:48 - watchfiles.main - INFO - 1 change detected
2026-04-30 18:50:49 - watchfiles.main - INFO - 1 change detected
2026-04-30 18:50:49 - watchfiles.main - INFO - 1 change detected
2026-04-30 18:50:49 - watchfiles.main - INFO - 1 change detected
2026-04-30 18:50:50 - watchfiles.main - INFO - 1 change detected
2026-04-30 18:50:50 - watchfiles.main - INFO - 1 change detected
2026-04-30 18:50:51 - watchfiles.main - INFO - 1 change detected
2026-04-30 18:50:51 - watchfiles.main - INFO - 1 change detected
2026-04-30 18:50:52 - watchfiles.main - INFO - 1 change detected
2026-04-30 18:50:52 - watchfiles.main - INFO - 1 change detected
2026-04-30 18:50:52 - watchfiles.main - INFO - 1 change detected
2026-04-30 18:50:53 - watchfiles.main - INFO - 1 change detected
2026-04-30 18:50:53 - watchfiles.main - INFO - 1 change detected
2026-04-30 18:50:54 - watchfiles.main - INFO - 1 change detected
2026-04-30 18:50:54 - watchfiles.main - INFO - 1 change detected
2026-04-30 18:50:54 - watchfiles.main - INFO - 1 change detected
2026-04-30 18:50:55 - watchfiles.main - INFO - 1 change detected
2026-04-30 18:50:55 - watchfiles.main - INFO - 1 change detected
2026-04-30 18:50:56 - watchfiles.main - INFO - 1 change detected
2026-04-30 18:50:56 - watchfiles.main - INFO - 1 change detected
2026-04-30 18:50:56 - watchfiles.main - INFO - 1 change detected
2026-04-30 18:50:57 - watchfiles.main - INFO - 1 change detected
2026-04-30 18:50:57 - watchfiles.main - INFO - 1 change detected
2026-04-30 18:50:58 - watchfiles.main - INFO - 1 change detected
2026-04-30 18:50:58 - watchfiles.main - INFO - 1 change detected
2026-04-30 18:50:58 - watchfiles.main - INFO - 1 change detected
2026-04-30 18:50:59 - watchfiles.main - INFO - 1 change detected
2026-04-30 18:50:59 - watchfiles.main - INFO - 1 change detected
2026-04-30 18:51:00 - watchfiles.main - INFO - 1 change detected
2026-04-30 18:51:00 - watchfiles.main - INFO - 1 change detected
2026-04-30 18:51:00 - watchfiles.main - INFO - 1 change detected
2026-04-30 18:51:01 - watchfiles.main - INFO - 1 change detected
2026-04-30 18:51:01 - watchfiles.main - INFO - 1 change detected
2026-04-30 18:51:02 - watchfiles.main - INFO - 1 change detected
2026-04-30 18:51:02 - watchfiles.main - INFO - 1 change detected
2026-04-30 18:51:02 - watchfiles.main - INFO - 1 change detected
2026-04-30 18:51:03 - watchfiles.main - INFO - 1 change detected
2026-04-30 18:51:03 - watchfiles.main - INFO - 1 change detected
2026-04-30 18:51:04 - watchfiles.main - INFO - 1 change detected
2026-04-30 18:51:04 - watchfiles.main - INFO - 1 change detected
2026-04-30 18:51:04 - watchfiles.main - INFO - 1 change detected
2026-04-30 18:51:05 - watchfiles.main - INFO - 1 change detected
2026-04-30 18:51:05 - watchfiles.main - INFO - 1 change detected
2026-04-30 18:51:06 - watchfiles.main - INFO - 1 change detected
2026-04-30 18:51:06 - watchfiles.main - INFO - 1 change detected
2026-04-30 18:51:07 - watchfiles.main - INFO - 1 change detected
2026-04-30 18:51:07 - watchfiles.main - INFO - 1 change detected
2026-04-30 18:51:07 - watchfiles.main - INFO - 1 change detected
2026-04-30 18:51:08 - watchfiles.main - INFO - 1 change detected
2026-04-30 18:51:08 - watchfiles.main - INFO - 1 change detected
2026-04-30 18:51:09 - watchfiles.main - INFO - 1 change detected
2026-04-30 18:51:09 - watchfiles.main - INFO - 1 change detected
2026-04-30 18:51:09 - watchfiles.main - INFO - 1 change detected
2026-04-30 18:51:10 - watchfiles.main - INFO - 1 change detected
2026-04-30 18:51:10 - main - INFO - 👋 StyleMate 后端服务关闭
2026-04-30 18:51:14 - root - INFO - ✅ 日志文件已创建: D:\AgentProjects\Outfit_Style\backend\logs\stylemate_2026-04-30.log
2026-04-30 18:51:14 - tools.weather_tool - INFO - [缓存未命中] 天气查询 - 城市: 上海, 日期: 2026-04-30，正在调用 API...
2026-04-30 18:51:15 - httpx - INFO - HTTP Request: GET https://api.open-meteo.com/v1/forecast?latitude=31.2304&longitude=121.4737&current=temperature_2m&current=relative_humidity_2m&current=apparent_temperature&current=precipitation&current=weather_code&current=wind_speed_10m&current=wind_direction_10m&current=surface_pressure&timezone=auto&forecast_days=1 "HTTP/1.1 200 OK"
2026-04-30 18:51:15 - tools.weather_tool - INFO - [缓存已存储] 天气查询 - 城市: 上海, 日期: 2026-04-30
2026-04-30 18:51:15 - tools.weather_tool - INFO - [缓存命中] 天气查询 - 城市: 上海, 日期: 2026-04-30
2026-04-30 18:51:15 - tools.weather_tool - INFO - [缓存未命中] 天气查询 - 城市: 上海, 日期: 2026-05-01，正在调用 API...
2026-04-30 18:51:17 - httpx - INFO - HTTP Request: GET https://api.open-meteo.com/v1/forecast?latitude=31.2304&longitude=121.4737&current=temperature_2m&current=relative_humidity_2m&current=apparent_temperature&current=precipitation&current=weather_code&current=wind_speed_10m&current=wind_direction_10m&current=surface_pressure&timezone=auto&forecast_days=1 "HTTP/1.1 200 OK"
2026-04-30 18:51:17 - tools.weather_tool - INFO - [缓存已存储] 天气查询 - 城市: 上海, 日期: 2026-05-01
2026-04-30 18:51:17 - tools.sunset_tool - INFO - [缓存未命中] 日落查询 - 城市: 上海, 日期: 2026-04-30，正在调用 API...
2026-04-30 18:51:18 - httpx - INFO - HTTP Request: GET https://api.open-meteo.com/v1/forecast?latitude=31.2304&longitude=121.4737&daily=sunrise&daily=sunset&timezone=auto&forecast_days=2 "HTTP/1.1 200 OK"
2026-04-30 18:51:18 - tools.sunset_tool - INFO - [缓存已存储] 日落查询 - 城市: 上海, 日期: 2026-04-30
2026-04-30 18:51:18 - tools.sunset_tool - INFO - [缓存命中] 日落查询 - 城市: 上海, 日期: 2026-04-30
2026-04-30 18:51:18 - tools.sunset_tool - INFO - [缓存未命中] 日落查询 - 城市: 上海, 日期: 2026-05-01，正在调用 API...
2026-04-30 18:51:20 - httpx - INFO - HTTP Request: GET https://api.open-meteo.com/v1/forecast?latitude=31.2304&longitude=121.4737&daily=sunrise&daily=sunset&timezone=auto&forecast_days=2 "HTTP/1.1 200 OK"
2026-04-30 18:51:20 - tools.sunset_tool - INFO - [缓存已存储] 日落查询 - 城市: 上海, 日期: 2026-05-01
2026-04-30 18:51:20 - tools.weather_tool - INFO - [缓存命中] 天气查询 - 城市: 上海, 日期: 2026-04-30
2026-04-30 18:51:20 - tools.weather_tool - INFO - [缓存未命中] 天气查询 - 城市: 北京, 日期: 2026-04-30，正在调用 API...
2026-04-30 18:51:21 - httpx - INFO - HTTP Request: GET https://api.open-meteo.com/v1/forecast?latitude=39.9042&longitude=116.4074&current=temperature_2m&current=relative_humidity_2m&current=apparent_temperature&current=precipitation&current=weather_code&current=wind_speed_10m&current=wind_direction_10m&current=surface_pressure&timezone=auto&forecast_days=1 "HTTP/1.1 200 OK"
2026-04-30 18:51:21 - tools.weather_tool - INFO - [缓存已存储] 天气查询 - 城市: 北京, 日期: 2026-04-30
2026-04-30 18:54:19 - root - INFO - ✅ 日志文件已创建: D:\AgentProjects\Outfit_Style\backend\logs\stylemate_2026-04-30.log
2026-04-30 18:54:19 - root - INFO - ✅ 日志文件已创建: D:\AgentProjects\Outfit_Style\backend\logs\stylemate_2026-04-30.log
2026-04-30 18:54:19 - __main__ - INFO - 🚀 启动 StyleMate 后端服务...
2026-04-30 18:54:19 - __main__ - INFO - 📝 日志将输出到终端和 logs/ 目录
2026-04-30 18:54:19 - __main__ - INFO - 🔄 已禁用 reload 模式，避免日志文件触发重新加载
2026-04-30 18:54:19 - root - INFO - ✅ 日志文件已创建: D:\AgentProjects\Outfit_Style\backend\logs\stylemate_2026-04-30.log
2026-04-30 18:54:19 - main - INFO - 🚀 StyleMate 后端服务启动中...
2026-04-30 18:54:20 - main - INFO - ✅ Agent 初始化完成
2026-04-30 18:54:20 - main - INFO - 👋 StyleMate 后端服务关闭
2026-04-30 18:57:15 - root - INFO - ✅ 日志文件已创建: D:\AgentProjects\Outfit_Style\backend\logs\stylemate_2026-04-30.log
2026-04-30 18:57:15 - root - INFO - ✅ 日志文件已创建: D:\AgentProjects\Outfit_Style\backend\logs\stylemate_2026-04-30.log
2026-04-30 18:57:15 - __main__ - INFO - 🚀 启动 StyleMate 后端服务...
2026-04-30 18:57:15 - __main__ - INFO - 📝 日志将输出到终端和 logs/ 目录
2026-04-30 18:57:15 - __main__ - INFO - 🔄 已禁用 reload 模式，避免日志文件触发重新加载
2026-04-30 18:57:15 - root - INFO - ✅ 日志文件已创建: D:\AgentProjects\Outfit_Style\backend\logs\stylemate_2026-04-30.log
2026-04-30 18:57:15 - main - INFO - 🚀 StyleMate 后端服务启动中...
2026-04-30 18:57:16 - main - INFO - ✅ Agent 初始化完成
2026-04-30 18:57:16 - main - INFO - 👋 StyleMate 后端服务关闭
2026-04-30 19:00:45 - root - INFO - ✅ 日志文件已创建: D:\AgentProjects\Outfit_Style\backend\logs\stylemate_2026-04-30.log
2026-04-30 19:00:45 - root - INFO - ✅ 日志文件已创建: D:\AgentProjects\Outfit_Style\backend\logs\stylemate_2026-04-30.log
2026-04-30 19:00:45 - __main__ - INFO - 🚀 启动 StyleMate 后端服务...
2026-04-30 19:00:45 - __main__ - INFO - 📝 日志将输出到终端和 logs/ 目录
2026-04-30 19:00:45 - __main__ - INFO - 🔄 已禁用 reload 模式，避免日志文件触发重新加载
2026-04-30 19:00:45 - root - INFO - ✅ 日志文件已创建: D:\AgentProjects\Outfit_Style\backend\logs\stylemate_2026-04-30.log
2026-04-30 19:00:45 - main - INFO - 🚀 StyleMate 后端服务启动中...
2026-04-30 19:00:46 - main - INFO - ✅ Agent 初始化完成
2026-04-30 19:00:46 - main - INFO - 👋 StyleMate 后端服务关闭
2026-04-30 19:01:20 - root - INFO - ✅ 日志文件已创建: D:\AgentProjects\Outfit_Style\backend\logs\stylemate_2026-04-30.log
2026-04-30 19:01:20 - root - INFO - ✅ 日志文件已创建: D:\AgentProjects\Outfit_Style\backend\logs\stylemate_2026-04-30.log
2026-04-30 19:01:20 - __main__ - INFO - 🚀 启动 StyleMate 后端服务...
2026-04-30 19:01:20 - __main__ - INFO - 📝 日志将输出到终端和 logs/ 目录
2026-04-30 19:01:20 - __main__ - INFO - 🔄 已禁用 reload 模式，避免日志文件触发重新加载
2026-04-30 19:01:20 - root - INFO - ✅ 日志文件已创建: D:\AgentProjects\Outfit_Style\backend\logs\stylemate_2026-04-30.log
2026-04-30 19:01:20 - main - INFO - 🚀 StyleMate 后端服务启动中...
2026-04-30 19:01:21 - main - INFO - ✅ Agent 初始化完成
2026-04-30 19:01:21 - main - INFO - 👋 StyleMate 后端服务关闭
2026-04-30 19:03:36 - root - INFO - ✅ 日志文件已创建: D:\AgentProjects\Outfit_Style\backend\logs\stylemate_2026-04-30.log
2026-04-30 19:03:36 - root - INFO - ✅ 日志文件已创建: D:\AgentProjects\Outfit_Style\backend\logs\stylemate_2026-04-30.log
2026-04-30 19:03:36 - __main__ - INFO - 🚀 启动 StyleMate 后端服务...
2026-04-30 19:03:36 - __main__ - INFO - 📝 日志将输出到终端和 logs/ 目录
2026-04-30 19:03:36 - __main__ - INFO - 🔄 已禁用 reload 模式，避免日志文件触发重新加载
2026-04-30 19:03:36 - root - INFO - ✅ 日志文件已创建: D:\AgentProjects\Outfit_Style\backend\logs\stylemate_2026-04-30.log
2026-04-30 19:03:36 - main - INFO - 🚀 StyleMate 后端服务启动中...
